# JRE version: OpenJDK Runtime Environment (8.0_76-b03) (build 1.8.0_76-release-b03)
# Java VM: OpenJDK 64-Bit Server VM (25.76-b03 mixed mode windows-amd64 compressed oops)
Heap:
 PSYoungGen      total 350208K, used 184142K [0x00000000e0000000, 0x00000000f9000000, 0x0000000100000000)
  eden space 347136K, 52% used [0x00000000e0000000,0x00000000eb0dd960,0x00000000f5300000)
  from space 3072K, 98% used [0x00000000f6200000,0x00000000f64f6200,0x00000000f6500000)
  to   space 31232K, 0% used [0x00000000f7180000,0x00000000f7180000,0x00000000f9000000)
 ParOldGen       total 103936K, used 33437K [0x00000000a0000000, 0x00000000a6580000, 0x00000000e0000000)
  object space 103936K, 32% used [0x00000000a0000000,0x00000000a20a76f8,0x00000000a6580000)
 Metaspace       used 70744K, capacity 74180K, committed 74496K, reserved 1114112K
  class space    used 8843K, capacity 9358K, committed 9472K, reserved 1048576K
GC Heap History (10 events):
Event: 1620.488 GC heap before
{Heap before GC invocations=41 (full 9):
 PSYoungGen      total 354304K, used 349696K [0x00000000e0000000, 0x00000000f9880000, 0x0000000100000000)
  eden space 349696K, 100% used [0x00000000e0000000,0x00000000f5580000,0x00000000f5580000)
  from space 4608K, 0% used [0x00000000f5580000,0x00000000f5580000,0x00000000f5a00000)
  to   space 34304K, 0% used [0x00000000f7700000,0x00000000f7700000,0x00000000f9880000)
 ParOldGen       total 103936K, used 40781K [0x00000000a0000000, 0x00000000a6580000, 0x00000000e0000000)
  object space 103936K, 39% used [0x00000000a0000000,0x00000000a27d3460,0x00000000a6580000)
 Metaspace       used 70616K, capacity 73960K, committed 74240K, reserved 1114112K
  class space    used 8859K, capacity 9410K, committed 9472K, reserved 1048576K
Event: 1620.507 GC heap after
Heap after GC invocations=41 (full 9):
 PSYoungGen      total 385536K, used 6631K [0x00000000e0000000, 0x00000000f9d80000, 0x0000000100000000)
  eden space 351232K, 0% used [0x00000000e0000000,0x00000000e0000000,0x00000000f5700000)
  from space 34304K, 19% used [0x00000000f7700000,0x00000000f7d79d10,0x00000000f9880000)
  to   space 32768K, 0% used [0x00000000f5700000,0x00000000f5700000,0x00000000f7700000)
 ParOldGen       total 103936K, used 40789K [0x00000000a0000000, 0x00000000a6580000, 0x00000000e0000000)
  object space 103936K, 39% used [0x00000000a0000000,0x00000000a27d5460,0x00000000a6580000)
 Metaspace       used 70616K, capacity 73960K, committed 74240K, reserved 1114112K
  class space    used 8859K, capacity 9410K, committed 9472K, reserved 1048576K
}
Event: 1624.957 GC heap before
{Heap before GC invocations=42 (full 9):
 PSYoungGen      total 385536K, used 357863K [0x00000000e0000000, 0x00000000f9d80000, 0x0000000100000000)
  eden space 351232K, 100% used [0x00000000e0000000,0x00000000f5700000,0x00000000f5700000)
  from space 34304K, 19% used [0x00000000f7700000,0x00000000f7d79d10,0x00000000f9880000)
  to   space 32768K, 0% used [0x00000000f5700000,0x00000000f5700000,0x00000000f7700000)
 ParOldGen       total 103936K, used 40789K [0x00000000a0000000, 0x00000000a6580000, 0x00000000e0000000)
  object space 103936K, 39% used [0x00000000a0000000,0x00000000a27d5460,0x00000000a6580000)
 Metaspace       used 70880K, capacity 74340K, committed 74496K, reserved 1114112K
  class space    used 8893K, capacity 9450K, committed 9472K, reserved 1048576K
Event: 1624.976 GC heap after
Heap after GC invocations=42 (full 9):
 PSYoungGen      total 384000K, used 16808K [0x00000000e0000000, 0x00000000fa200000, 0x0000000100000000)
  eden space 351232K, 0% used [0x00000000e0000000,0x00000000e0000000,0x00000000f5700000)
  from space 32768K, 51% used [0x00000000f5700000,0x00000000f676a1b8,0x00000000f7700000)
  to   space 32768K, 0% used [0x00000000f8200000,0x00000000f8200000,0x00000000fa200000)
 ParOldGen       total 103936K, used 40797K [0x00000000a0000000, 0x00000000a6580000, 0x00000000e0000000)
  object space 103936K, 39% used [0x00000000a0000000,0x00000000a27d7460,0x00000000a6580000)
 Metaspace       used 70880K, capacity 74340K, committed 74496K, reserved 1114112K
  class space    used 8893K, capacity 9450K, committed 9472K, reserved 1048576K
}
Event: 1625.344 GC heap before
{Heap before GC invocations=43 (full 9):
 PSYoungGen      total 384000K, used 41116K [0x00000000e0000000, 0x00000000fa200000, 0x0000000100000000)
  eden space 351232K, 6% used [0x00000000e0000000,0x00000000e17bcfc8,0x00000000f5700000)
  from space 32768K, 51% used [0x00000000f5700000,0x00000000f676a1b8,0x00000000f7700000)
  to   space 32768K, 0% used [0x00000000f8200000,0x00000000f8200000,0x00000000fa200000)
 ParOldGen       total 103936K, used 40797K [0x00000000a0000000, 0x00000000a6580000, 0x00000000e0000000)
  object space 103936K, 39% used [0x00000000a0000000,0x00000000a27d7460,0x00000000a6580000)
 Metaspace       used 70904K, capacity 74404K, committed 74496K, reserved 1114112K
  class space    used 8893K, capacity 9450K, committed 9472K, reserved 1048576K
Event: 1625.351 GC heap after
Heap after GC invocations=43 (full 9):
 PSYoungGen      total 394240K, used 1516K [0x00000000e0000000, 0x00000000fa100000, 0x0000000100000000)
  eden space 362496K, 0% used [0x00000000e0000000,0x00000000e0000000,0x00000000f6200000)
  from space 31744K, 4% used [0x00000000f8200000,0x00000000f837b078,0x00000000fa100000)
  to   space 32256K, 0% used [0x00000000f6200000,0x00000000f6200000,0x00000000f8180000)
 ParOldGen       total 103936K, used 40805K [0x00000000a0000000, 0x00000000a6580000, 0x00000000e0000000)
  object space 103936K, 39% used [0x00000000a0000000,0x00000000a27d9460,0x00000000a6580000)
 Metaspace       used 70904K, capacity 74404K, committed 74496K, reserved 1114112K
  class space    used 8893K, capacity 9450K, committed 9472K, reserved 1048576K
}
Event: 1625.351 GC heap before
{Heap before GC invocations=44 (full 10):
 PSYoungGen      total 394240K, used 1516K [0x00000000e0000000, 0x00000000fa100000, 0x0000000100000000)
  eden space 362496K, 0% used [0x00000000e0000000,0x00000000e0000000,0x00000000f6200000)
  from space 31744K, 4% used [0x00000000f8200000,0x00000000f837b078,0x00000000fa100000)
  to   space 32256K, 0% used [0x00000000f6200000,0x00000000f6200000,0x00000000f8180000)
 ParOldGen       total 103936K, used 40805K [0x00000000a0000000, 0x00000000a6580000, 0x00000000e0000000)
  object space 103936K, 39% used [0x00000000a0000000,0x00000000a27d9460,0x00000000a6580000)
 Metaspace       used 70904K, capacity 74404K, committed 74496K, reserved 1114112K
  class space    used 8893K, capacity 9450K, committed 9472K, reserved 1048576K
Event: 1625.980 GC heap after
Heap after GC invocations=44 (full 10):
 PSYoungGen      total 394240K, used 0K [0x00000000e0000000, 0x00000000fa100000, 0x0000000100000000)
  eden space 362496K, 0% used [0x00000000e0000000,0x00000000e0000000,0x00000000f6200000)
  from space 31744K, 0% used [0x00000000f8200000,0x00000000f8200000,0x00000000fa100000)
  to   space 32256K, 0% used [0x00000000f6200000,0x00000000f6200000,0x00000000f8180000)
 ParOldGen       total 103936K, used 33429K [0x00000000a0000000, 0x00000000a6580000, 0x00000000e0000000)
  object space 103936K, 32% used [0x00000000a0000000,0x00000000a20a56f8,0x00000000a6580000)
 Metaspace       used 70257K, capacity 73636K, committed 74496K, reserved 1114112K
  class space    used 8790K, capacity 9302K, committed 9472K, reserved 1048576K
}
Event: 4884.582 GC heap before
{Heap before GC invocations=45 (full 10):
 PSYoungGen      total 394240K, used 362496K [0x00000000e0000000, 0x00000000fa100000, 0x0000000100000000)
  eden space 362496K, 100% used [0x00000000e0000000,0x00000000f6200000,0x00000000f6200000)
  from space 31744K, 0% used [0x00000000f8200000,0x00000000f8200000,0x00000000fa100000)
  to   space 32256K, 0% used [0x00000000f6200000,0x00000000f6200000,0x00000000f8180000)
 ParOldGen       total 103936K, used 33429K [0x00000000a0000000, 0x00000000a6580000, 0x00000000e0000000)
  object space 103936K, 32% used [0x00000000a0000000,0x00000000a20a56f8,0x00000000a6580000)
 Metaspace       used 70702K, capacity 74180K, committed 74496K, reserved 1114112K
  class space    used 8843K, capacity 9358K, committed 9472K, reserved 1048576K
Event: 4884.588 GC heap after
Heap after GC invocations=45 (full 10):
 PSYoungGen      total 350208K, used 3032K [0x00000000e0000000, 0x00000000f9000000, 0x0000000100000000)
  eden space 347136K, 0% used [0x00000000e0000000,0x00000000e0000000,0x00000000f5300000)
  from space 3072K, 98% used [0x00000000f6200000,0x00000000f64f6200,0x00000000f6500000)
  to   space 31232K, 0% used [0x00000000f7180000,0x00000000f7180000,0x00000000f9000000)
 ParOldGen       total 103936K, used 33437K [0x00000000a0000000, 0x00000000a6580000, 0x00000000e0000000)
  object space 103936K, 32% used [0x00000000a0000000,0x00000000a20a76f8,0x00000000a6580000)
 Metaspace       used 70702K, capacity 74180K, committed 74496K, reserved 1114112K
  class space    used 8843K, capacity 9358K, committed 9472K, reserved 1048576K
}

